<?xml version="1.0" encoding="UTF-8"?>
<!-- Generated by org.testng.reporters.JUnitXMLReporter -->
<testsuite ignored="0" hostname="ELW4007" failures="0" tests="4" name="mytest" time="28.61" errors="0" timestamp="2024-08-20T04:47:51 IST">
  <testcase classname="Day42.OrangeHRM" name="openapp" time="18.021"/>
  <testcase classname="Day42.OrangeHRM" name="testlogo" time="5.086"/>
  <testcase classname="Day42.OrangeHRM" name="login" time="4.817"/>
  <testcase classname="Day42.OrangeHRM" name="closeapp" time="0.529"/>
</testsuite> <!-- mytest -->
