<?xml version="1.0" encoding="UTF-8"?>
<!-- Generated by org.testng.reporters.JUnitXMLReporter -->
<testsuite ignored="0" hostname="ELW4007" failures="0" tests="3" name="chromeTest" time="26.755" errors="0" timestamp="2024-08-20T04:50:06 IST">
  <testcase classname="Day45.Parlleltesting" name="testlogo" time="0.101"/>
  <testcase classname="Day45.Parlleltesting" name="testtitle" time="0.023"/>
  <testcase classname="Day45.Parlleltesting" name="testurl" time="0.017"/>
</testsuite> <!-- chromeTest -->
