<?xml version="1.0" encoding="UTF-8"?>
<!-- Generated by org.testng.reporters.JUnitXMLReporter -->
<testsuite ignored="0" hostname="ELW4007" failures="0" tests="3" name="edgeTest" time="34.293" errors="0" timestamp="2024-08-20T04:50:13 IST">
  <testcase classname="Day45.Parlleltesting" name="testlogo" time="0.077"/>
  <testcase classname="Day45.Parlleltesting" name="testtitle" time="0.022"/>
  <testcase classname="Day45.Parlleltesting" name="testurl" time="0.02"/>
</testsuite> <!-- edgeTest -->
