<?xml version="1.0" encoding="UTF-8"?>
<testng-results ignored="0" total="1" passed="1" failed="0" skipped="0">
  <reporter-output>
  </reporter-output>
  <suite started-at="2024-08-20T05:06:07 IST" name="Suite" finished-at="2024-08-20T05:06:29 IST" duration-ms="21134">
    <groups>
    </groups>
    <test started-at="2024-08-20T05:06:07 IST" name="Test" finished-at="2024-08-20T05:06:29 IST" duration-ms="21134">
      <class name="Day47.Logintest">
        <test-method is-config="true" signature="setup()[pri:0, instance:Day47.Logintest@7dcf94f8]" started-at="2024-08-20T05:06:08 IST" name="setup" finished-at="2024-08-20T05:06:25 IST" duration-ms="17063" status="PASS">
          <reporter-output>
          </reporter-output>
        </test-method> <!-- setup -->
        <test-method signature="testLogin()[pri:0, instance:Day47.Logintest@7dcf94f8]" started-at="2024-08-20T05:06:25 IST" name="testLogin" finished-at="2024-08-20T05:06:28 IST" duration-ms="3722" status="PASS">
          <reporter-output>
          </reporter-output>
        </test-method> <!-- testLogin -->
        <test-method is-config="true" signature="tearDown()[pri:0, instance:Day47.Logintest@7dcf94f8]" started-at="2024-08-20T05:06:28 IST" name="tearDown" finished-at="2024-08-20T05:06:29 IST" duration-ms="262" status="PASS">
          <reporter-output>
          </reporter-output>
        </test-method> <!-- tearDown -->
      </class> <!-- Day47.Logintest -->
    </test> <!-- Test -->
  </suite> <!-- Suite -->
</testng-results>
